<?xml version="1.0" encoding="UTF-8"?>
<!-- Generated by org.testng.reporters.JUnitXMLReporter -->
<testsuite hostname="a5-PC" ignored="0" name="Bank Manager login test" tests="1" failures="1" timestamp="07 Apr 2019 06:44:19 GMT" time="0.192" errors="0">
  <testcase name="loginAsBankManager" time="0.028" classname="com.ecw.testcases.BankManagerLogin">
    <failure type="java.lang.IllegalArgumentException" message="Cannot find elements when the selector is null">
      <![CDATA[java.lang.IllegalArgumentException: Cannot find elements when the selector is null
at org.openqa.selenium.By$ByCssSelector.<init>(By.java:422)
at org.openqa.selenium.By.cssSelector(By.java:116)
at com.ecw.testcases.BankManagerLogin.loginAsBankManager(BankManagerLogin.java:16)
... Removed 25 stack frames]]>
    </failure>
  </testcase> <!-- loginAsBankManager -->
</testsuite> <!-- Bank Manager login test -->
