<?xml version="1.0" encoding="UTF-8"?>
<!-- Generated by org.testng.reporters.JUnitXMLReporter -->
<testsuite hostname="a5-PC" ignored="0" name="Regression Login" tests="4" failures="2" timestamp="07 Apr 2019 14:09:15 GMT" time="0.134" errors="0">
  <testcase name="m1" time="0.027" classname="Regression.Tc1">
    <failure type="junit.framework.AssertionFailedError">
      <![CDATA[junit.framework.AssertionFailedError
at junit.framework.Assert.fail(Assert.java:47)
at junit.framework.Assert.fail(Assert.java:53)
at Regression.Tc1.m1(Tc1.java:12)
... Removed 25 stack frames]]>
    </failure>
  </testcase> <!-- m1 -->
  <testcase name="m2" time="0.006" classname="Regression.Tc1"/>
  <testcase name="m3" time="0.007" classname="Regression.Tc1">
    <failure type="junit.framework.AssertionFailedError">
      <![CDATA[junit.framework.AssertionFailedError
at junit.framework.Assert.fail(Assert.java:47)
at junit.framework.Assert.fail(Assert.java:53)
at Regression.Tc1.m3(Tc1.java:23)
... Removed 25 stack frames]]>
    </failure>
  </testcase> <!-- m3 -->
  <testcase name="m4" time="0.005" classname="Regression.Tc1">
    <skipped/>
  </testcase> <!-- m4 -->
</testsuite> <!-- Regression Login -->
